<?xml version="1.0" encoding="UTF-8"?>
<testsuite name="com.example.podlingo.core.WordDifficultyRankerTest" tests="4" skipped="0" failures="0" errors="0" timestamp="2026-09-01T12:27:45.334Z" hostname="RONB" time="0.08">
  <properties/>
  <testcase name="orders words hardest first, ties keep original order" classname="com.example.podlingo.core.WordDifficultyRankerTest" time="0.078"/>
  <testcase name="drops punctuation-only tokens" classname="com.example.podlingo.core.WordDifficultyRankerTest" time="0.0"/>
  <testcase name="drops capitalized unrecognized words as names, wherever they fall in the sentence" classname="com.example.podlingo.core.WordDifficultyRankerTest" time="0.0"/>
  <testcase name="keeps a capitalized word eligible when it's actually in the vocabulary" classname="com.example.podlingo.core.WordDifficultyRankerTest" time="0.0"/>
  <system-out><![CDATA[]]></system-out>
  <system-err><![CDATA[]]></system-err>
</testsuite>
