<?xml version="1.0" encoding="UTF-8"?>
<testsuite name="com.example.podlingo.core.WordDifficultyRankerTest" tests="2" skipped="0" failures="0" errors="0" timestamp="2026-08-18T09:08:56.770Z" hostname="RONB" time="0.025">
  <properties/>
  <testcase name="orders words hardest first, ties keep original order" classname="com.example.podlingo.core.WordDifficultyRankerTest" time="0.024"/>
  <testcase name="drops punctuation-only tokens" classname="com.example.podlingo.core.WordDifficultyRankerTest" time="0.001"/>
  <system-out><![CDATA[]]></system-out>
  <system-err><![CDATA[]]></system-err>
</testsuite>
