<?xml version="1.0" encoding="UTF-8"?>
<testsuite name="com.example.podlingo.core.Mp3FrameScannerTest" tests="4" skipped="0" failures="0" errors="0" timestamp="2026-08-19T16:58:16.403Z" hostname="RONB" time="0.103">
  <properties/>
  <testcase name="skips a leading ID3v2 tag before scanning for frames" classname="com.example.podlingo.core.Mp3FrameScannerTest" time="0.095"/>
  <testcase name="non-mp3 bytes yield no frames" classname="com.example.podlingo.core.Mp3FrameScannerTest" time="0.004"/>
  <testcase name="scans consecutive frames and computes their offsets and duration" classname="com.example.podlingo.core.Mp3FrameScannerTest" time="0.001"/>
  <testcase name="ignores garbage bytes before the first valid sync" classname="com.example.podlingo.core.Mp3FrameScannerTest" time="0.001"/>
  <system-out><![CDATA[]]></system-out>
  <system-err><![CDATA[]]></system-err>
</testsuite>
