<?xml version="1.0" encoding="UTF-8"?>
<testsuite name="com.example.podlingo.core.ElementaryFunctionWordsTest" tests="3" skipped="0" failures="0" errors="0" timestamp="2026-09-01T12:27:44.935Z" hostname="RONB" time="0.04">
  <properties/>
  <testcase name="does not claim genuine content words" classname="com.example.podlingo.core.ElementaryFunctionWordsTest" time="0.036"/>
  <testcase name="recognizes the article missing from the Oxford list" classname="com.example.podlingo.core.ElementaryFunctionWordsTest" time="0.0"/>
  <testcase name="recognizes irregular be-do-have forms no suffix stemmer could derive" classname="com.example.podlingo.core.ElementaryFunctionWordsTest" time="0.0"/>
  <system-out><![CDATA[]]></system-out>
  <system-err><![CDATA[]]></system-err>
</testsuite>
