<?xml version="1.0" encoding="UTF-8"?>
<testsuite name="com.example.podlingo.core.EnglishStemmerTest" tests="12" skipped="0" failures="0" errors="0" timestamp="2026-08-18T09:08:56.537Z" hostname="RONB" time="0.092">
  <properties/>
  <testcase name="plain plural strips trailing s" classname="com.example.podlingo.core.EnglishStemmerTest" time="0.036"/>
  <testcase name="past tense with silent e restores it" classname="com.example.podlingo.core.EnglishStemmerTest" time="0.002"/>
  <testcase name="gerund with doubled consonant is undoubled" classname="com.example.podlingo.core.EnglishStemmerTest" time="0.04"/>
  <testcase name="comparative and superlative restore silent e" classname="com.example.podlingo.core.EnglishStemmerTest" time="0.001"/>
  <testcase name="es plural strips es" classname="com.example.podlingo.core.EnglishStemmerTest" time="0.0"/>
  <testcase name="ies plural becomes y" classname="com.example.podlingo.core.EnglishStemmerTest" time="0.001"/>
  <testcase name="short words and plain base forms yield no misleading noise" classname="com.example.podlingo.core.EnglishStemmerTest" time="0.002"/>
  <testcase name="past tense without silent e needs no restoration" classname="com.example.podlingo.core.EnglishStemmerTest" time="0.001"/>
  <testcase name="possessive strips the trailing 's" classname="com.example.podlingo.core.EnglishStemmerTest" time="0.001"/>
  <testcase name="gerund with silent e restores it" classname="com.example.podlingo.core.EnglishStemmerTest" time="0.0"/>
  <testcase name="past tense with doubled consonant is undoubled" classname="com.example.podlingo.core.EnglishStemmerTest" time="0.0"/>
  <testcase name="e-plus-s plural strips only the s" classname="com.example.podlingo.core.EnglishStemmerTest" time="0.001"/>
  <system-out><![CDATA[]]></system-out>
  <system-err><![CDATA[]]></system-err>
</testsuite>
