<?xml version="1.0" encoding="UTF-8"?>
<testsuite name="com.example.podlingo.core.TriggerDetectorTest" tests="6" skipped="0" failures="0" errors="0" timestamp="2026-08-18T09:08:56.673Z" hostname="RONB" time="0.007">
  <properties/>
  <testcase name="resume within threshold fires a trigger with the media position at pause" classname="com.example.podlingo.core.TriggerDetectorTest" time="0.004"/>
  <testcase name="resume beyond threshold does not fire" classname="com.example.podlingo.core.TriggerDetectorTest" time="0.001"/>
  <testcase name="resume exactly at the threshold still fires" classname="com.example.podlingo.core.TriggerDetectorTest" time="0.0"/>
  <testcase name="resume without a preceding pause does not fire" classname="com.example.podlingo.core.TriggerDetectorTest" time="0.0"/>
  <testcase name="repeated pause-resume cycles are each evaluated independently" classname="com.example.podlingo.core.TriggerDetectorTest" time="0.001"/>
  <testcase name="a consumed trigger does not fire again on a later resume" classname="com.example.podlingo.core.TriggerDetectorTest" time="0.001"/>
  <system-out><![CDATA[]]></system-out>
  <system-err><![CDATA[]]></system-err>
</testsuite>
