<?xml version="1.0" encoding="UTF-8"?>
<testsuite name="com.example.podlingo.core.Mp3FrameScannerTest" tests="4" skipped="0" failures="0" errors="0" timestamp="2026-09-01T12:27:45.098Z" hostname="RONB" time="0.071">
  <properties/>
  <testcase name="skips a leading ID3v2 tag before scanning for frames" classname="com.example.podlingo.core.Mp3FrameScannerTest" time="0.07"/>
  <testcase name="non-mp3 bytes yield no frames" classname="com.example.podlingo.core.Mp3FrameScannerTest" time="0.0"/>
  <testcase name="scans consecutive frames and computes their offsets and duration" classname="com.example.podlingo.core.Mp3FrameScannerTest" time="0.0"/>
  <testcase name="ignores garbage bytes before the first valid sync" classname="com.example.podlingo.core.Mp3FrameScannerTest" time="0.0"/>
  <system-out><![CDATA[]]></system-out>
  <system-err><![CDATA[]]></system-err>
</testsuite>
